[10-Jun-2013 12:49:33 Etc/GMT-3] PHP Fatal error:  Uncaught lmbException: Call-time pass-by-reference has been deprecated
Additional params: Backtrace: 
* require_once() in "D:\stats3\common.inc.php" line 35
* require_once("D:\stats3\common.inc.php") in "D:\stats3\setup.php" line 23
* require_once("D:\stats3\setup.php") in "D:\stats3\cli\mysql_migrate.php" line 4

  thrown in D:\stats3\common.inc.php on line 35
[10-Jun-2013 12:49:38 Etc/GMT-3] PHP Fatal error:  Uncaught lmbException: Call-time pass-by-reference has been deprecated
Additional params: Backtrace: 
* require_once() in "D:\stats3\common.inc.php" line 35
* require_once("D:\stats3\common.inc.php") in "D:\stats3\setup.php" line 23
* require_once("D:\stats3\setup.php") in "D:\stats3\cli\mysql_migrate.php" line 4

  thrown in D:\stats3\common.inc.php on line 35
[10-Jun-2013 12:50:32 Etc/GMT-3] PHP Fatal error:  Uncaught lmbException: Call-time pass-by-reference has been deprecated
Additional params: Backtrace: 
* require_once() in "D:\stats3\setup.php" line 25
* require_once("D:\stats3\setup.php") in "D:\stats3\cli\mysql_migrate.php" line 4

  thrown in D:\stats3\setup.php on line 25
[10-Jun-2013 12:52:28 Etc/GMT-3] PHP Fatal error:  Uncaught lmbException: Call-time pass-by-reference has been deprecated
Additional params: Backtrace: 
* require_once() in "D:\stats3\common.inc.php" line 35
* require_once("D:\stats3\common.inc.php") in "D:\stats3\setup.php" line 23
* require_once("D:\stats3\setup.php") in "D:\stats3\cli\mysql_migrate.php" line 4

  thrown in D:\stats3\common.inc.php on line 35
[10-Jun-2013 12:53:18 Etc/GMT-3] PHP Fatal error:  Uncaught exception 'Exception' with message 'Shell command 'mysql -hlocalhost -uroot -ptest stats2 < D:\stats3\cli/../init/migrate/1330017200_add_filter_table.sql 2>&1' executing error 
'ERROR 1064 (42000) at line 3: You have an error in your SQL syntax; check the manual that corresponds to your MySQL server version for the right syntax to use near ') ENGINE=InnoDB DEFAULT CHARSET=latin1' at line 7'' in D:\stats3\cli\mysql.inc.php:45
Stack trace:
#0 D:\stats3\cli\mysql.inc.php(278): mysql_load('localhost', 'root', 'test', 'stats2', 'D:\stats3\cli/....')
#1 D:\stats3\cli\mysql_migrate.php(47): mysql_migrate('localhost', 'root', 'test', 'stats2', NULL)
#2 {main}
  thrown in D:\stats3\cli\mysql.inc.php on line 45
